c:\users\guest1\onedrive\school\7)fall 2017\programming language\recursivedescent\recursivedescent\debug\vc141.pdb
c:\users\guest1\onedrive\school\7)fall 2017\programming language\recursivedescent\recursivedescent\debug\vc141.idb
c:\users\guest1\onedrive\school\7)fall 2017\programming language\recursivedescent\recursivedescent\debug\source.obj
c:\users\guest1\onedrive\school\7)fall 2017\programming language\recursivedescent\debug\recursivedescent.pdb
c:\users\guest1\onedrive\school\7)fall 2017\programming language\recursivedescent\recursivedescent\debug\recursivedescent.tlog\cl.command.1.tlog
c:\users\guest1\onedrive\school\7)fall 2017\programming language\recursivedescent\recursivedescent\debug\recursivedescent.tlog\cl.read.1.tlog
c:\users\guest1\onedrive\school\7)fall 2017\programming language\recursivedescent\recursivedescent\debug\recursivedescent.tlog\cl.write.1.tlog
c:\users\guest1\onedrive\school\7)fall 2017\programming language\recursivedescent\recursivedescent\debug\recursivedescent.tlog\link-cvtres.read.1.tlog
c:\users\guest1\onedrive\school\7)fall 2017\programming language\recursivedescent\recursivedescent\debug\recursivedescent.tlog\link-cvtres.write.1.tlog
c:\users\guest1\onedrive\school\7)fall 2017\programming language\recursivedescent\recursivedescent\debug\recursivedescent.tlog\link-rc.read.1.tlog
c:\users\guest1\onedrive\school\7)fall 2017\programming language\recursivedescent\recursivedescent\debug\recursivedescent.tlog\link-rc.write.1.tlog
c:\users\guest1\onedrive\school\7)fall 2017\programming language\recursivedescent\recursivedescent\debug\recursivedescent.tlog\link.8588-cvtres.read.1.tlog
c:\users\guest1\onedrive\school\7)fall 2017\programming language\recursivedescent\recursivedescent\debug\recursivedescent.tlog\link.8588-cvtres.write.1.tlog
c:\users\guest1\onedrive\school\7)fall 2017\programming language\recursivedescent\recursivedescent\debug\recursivedescent.tlog\link.8588-rc.read.1.tlog
c:\users\guest1\onedrive\school\7)fall 2017\programming language\recursivedescent\recursivedescent\debug\recursivedescent.tlog\link.8588-rc.write.1.tlog
c:\users\guest1\onedrive\school\7)fall 2017\programming language\recursivedescent\recursivedescent\debug\recursivedescent.tlog\link.8588.read.1.tlog
c:\users\guest1\onedrive\school\7)fall 2017\programming language\recursivedescent\recursivedescent\debug\recursivedescent.tlog\link.8588.write.1.tlog
c:\users\guest1\onedrive\school\7)fall 2017\programming language\recursivedescent\recursivedescent\debug\recursivedescent.tlog\link.command.1.tlog
c:\users\guest1\onedrive\school\7)fall 2017\programming language\recursivedescent\recursivedescent\debug\recursivedescent.tlog\link.read.1.tlog
c:\users\guest1\onedrive\school\7)fall 2017\programming language\recursivedescent\recursivedescent\debug\recursivedescent.tlog\link.write.1.tlog
