  ArrayBeatdown.cpp
d:\documents\visual studio 2015\projects\cs372\week4-llandarraypointers\week4-llandarraypointers\arraybeatdown.cpp(50): warning C4244: 'initializing': conversion from 'float' to 'int', possible loss of data
d:\documents\visual studio 2015\projects\cs372\week4-llandarraypointers\week4-llandarraypointers\arraybeatdown.cpp(50): warning C4244: 'initializing': conversion from 'float' to 'const int', possible loss of data
d:\documents\visual studio 2015\projects\cs372\week4-llandarraypointers\week4-llandarraypointers\arraybeatdown.cpp(136): warning C4244: 'argument': conversion from 'const int' to 'float', possible loss of data
d:\documents\visual studio 2015\projects\cs372\week4-llandarraypointers\week4-llandarraypointers\arraybeatdown.cpp(138): warning C4244: 'argument': conversion from 'const int' to 'float', possible loss of data
d:\documents\visual studio 2015\projects\cs372\week4-llandarraypointers\week4-llandarraypointers\arraybeatdown.cpp(143): warning C4244: 'argument': conversion from 'const int' to 'float', possible loss of data
d:\documents\visual studio 2015\projects\cs372\week4-llandarraypointers\week4-llandarraypointers\arraybeatdown.cpp(148): warning C4244: 'argument': conversion from 'int' to 'float', possible loss of data
d:\documents\visual studio 2015\projects\cs372\week4-llandarraypointers\week4-llandarraypointers\arraybeatdown.cpp(153): warning C4244: 'argument': conversion from 'const int' to 'float', possible loss of data
d:\documents\visual studio 2015\projects\cs372\week4-llandarraypointers\week4-llandarraypointers\arraybeatdown.cpp(156): warning C4244: 'argument': conversion from 'const int' to 'float', possible loss of data
d:\documents\visual studio 2015\projects\cs372\week4-llandarraypointers\week4-llandarraypointers\arraybeatdown.cpp(158): warning C4244: 'argument': conversion from 'const int' to 'float', possible loss of data
d:\documents\visual studio 2015\projects\cs372\week4-llandarraypointers\week4-llandarraypointers\arraybeatdown.cpp(160): warning C4244: 'argument': conversion from 'const int' to 'float', possible loss of data
d:\documents\visual studio 2015\projects\cs372\week4-llandarraypointers\week4-llandarraypointers\arraybeatdown.cpp(165): warning C4244: 'argument': conversion from 'int' to 'float', possible loss of data
d:\documents\visual studio 2015\projects\cs372\week4-llandarraypointers\week4-llandarraypointers\arraybeatdown.cpp(171): warning C4244: 'argument': conversion from 'const int' to 'float', possible loss of data
d:\documents\visual studio 2015\projects\cs372\week4-llandarraypointers\week4-llandarraypointers\arraybeatdown.cpp(174): warning C4244: 'argument': conversion from 'const int' to 'float', possible loss of data
d:\documents\visual studio 2015\projects\cs372\week4-llandarraypointers\week4-llandarraypointers\arraybeatdown.cpp(177): warning C4244: 'argument': conversion from 'const int' to 'float', possible loss of data
d:\documents\visual studio 2015\projects\cs372\week4-llandarraypointers\week4-llandarraypointers\arraybeatdown.cpp(178): warning C4244: 'argument': conversion from 'const int' to 'float', possible loss of data
d:\documents\visual studio 2015\projects\cs372\week4-llandarraypointers\week4-llandarraypointers\arraybeatdown.cpp(179): warning C4244: 'argument': conversion from 'const int' to 'float', possible loss of data
d:\documents\visual studio 2015\projects\cs372\week4-llandarraypointers\week4-llandarraypointers\arraybeatdown.cpp(184): warning C4244: 'argument': conversion from 'int' to 'float', possible loss of data
d:\documents\visual studio 2015\projects\cs372\week4-llandarraypointers\week4-llandarraypointers\arraybeatdown.cpp(186): warning C4244: 'argument': conversion from 'int' to 'float', possible loss of data
d:\documents\visual studio 2015\projects\cs372\week4-llandarraypointers\week4-llandarraypointers\arraybeatdown.cpp(190): warning C4244: 'argument': conversion from 'const int' to 'float', possible loss of data
d:\documents\visual studio 2015\projects\cs372\week4-llandarraypointers\week4-llandarraypointers\arraybeatdown.cpp(197): warning C4244: 'argument': conversion from 'const int' to 'float', possible loss of data
d:\documents\visual studio 2015\projects\cs372\week4-llandarraypointers\week4-llandarraypointers\arraybeatdown.cpp(121): warning C4715: 'table_contain': not all control paths return a value
d:\documents\visual studio 2015\projects\cs372\week4-llandarraypointers\week4-llandarraypointers\arraybeatdown.cpp(202): warning C4700: uninitialized local variable 'cnt' used
  Week4-LLandArrayPointers.vcxproj -> D:\Documents\Visual Studio 2015\Projects\CS372\Week4-LLandArrayPointers\Debug\Week4-LLandArrayPointers.exe
  Week4-LLandArrayPointers.vcxproj -> D:\Documents\Visual Studio 2015\Projects\CS372\Week4-LLandArrayPointers\Debug\Week4-LLandArrayPointers.pdb (Full PDB)
